<?xml version="1.0" encoding="UTF-8"?>
<!-- Generated by org.testng.reporters.JUnitReportReporter -->
<testsuite hostname="DESKTOP-8MFCI0G" failures="0" tests="1" name="testng_deneme.testngtest" time="0.005" errors="0" timestamp="2023-08-14T09:38:06 TRT" skipped="0">
  <testcase classname="testng_deneme.testngtest" name="test1" time="0.005"/>
</testsuite> <!-- testng_deneme.testngtest -->
