<?xml version="1.0" encoding="UTF-8"?>
<!-- Generated by org.testng.reporters.JUnitReportReporter -->
<testsuite hostname="DESKTOP-8MFCI0G" failures="0" tests="1" name="testng_deneme.trendyolDeneme" time="15.476" errors="0" timestamp="2023-08-18T16:18:17 TRT" skipped="0">
  <testcase classname="testng_deneme.trendyolDeneme" name="Test1" time="15.476"/>
</testsuite> <!-- testng_deneme.trendyolDeneme -->
