<?xml version="1.0" encoding="UTF-8"?>
<!-- Generated by org.testng.reporters.JUnitReportReporter -->
<testsuite hostname="DESKTOP-8MFCI0G" failures="0" tests="2" name="testng_deneme.storeTest" time="8.388" errors="0" timestamp="2023-08-25T19:14:54 TRT" skipped="0">
  <testcase classname="testng_deneme.storeTest" name="Test1" time="4.499"/>
  <testcase classname="testng_deneme.storeTest" name="Test1" time="3.889"/>
</testsuite> <!-- testng_deneme.storeTest -->
